# JRE version: Java(TM) SE Runtime Environment (8.0_31-b13) (build 1.8.0_31-b13)
# Java VM: Java HotSpot(TM) 64-Bit Server VM (25.31-b07 mixed mode linux-amd64 compressed oops)
Heap:
 PSYoungGen      total 135680K, used 0K [0x00000000d6d00000, 0x00000000e1900000, 0x0000000100000000)
  eden space 133120K, 0% used [0x00000000d6d00000,0x00000000d6d00000,0x00000000def00000)
  from space 2560K, 0% used [0x00000000df180000,0x00000000df180000,0x00000000df400000)
  to   space 2560K, 0% used [0x00000000def00000,0x00000000def00000,0x00000000df180000)
 ParOldGen       total 860672K, used 617534K [0x0000000084600000, 0x00000000b8e80000, 0x00000000d6d00000)
  object space 860672K, 71% used [0x0000000084600000,0x00000000aa10fbf0,0x00000000b8e80000)
 Metaspace       used 9170K, capacity 9330K, committed 9472K, reserved 1056768K
  class space    used 1112K, capacity 1178K, committed 1280K, reserved 1048576K
GC Heap History (10 events):
Event: 13,029 GC heap before
{Heap before GC invocations=5 (full 1):
 PSYoungGen      total 68608K, used 0K [0x00000000d6d00000, 0x00000000df300000, 0x0000000100000000)
  eden space 63488K, 0% used [0x00000000d6d00000,0x00000000d6d00000,0x00000000dab00000)
  from space 5120K, 0% used [0x00000000dab00000,0x00000000dab00000,0x00000000db000000)
  to   space 5120K, 0% used [0x00000000dee00000,0x00000000dee00000,0x00000000df300000)
 ParOldGen       total 1350656K, used 1028304K [0x0000000084600000, 0x00000000d6d00000, 0x00000000d6d00000)
  object space 1350656K, 76% used [0x0000000084600000,0x00000000c3234378,0x00000000d6d00000)
 Metaspace       used 9174K, capacity 9336K, committed 9472K, reserved 1056768K
  class space    used 1112K, capacity 1179K, committed 1280K, reserved 1048576K
Event: 13,184 GC heap after
Heap after GC invocations=5 (full 1):
 PSYoungGen      total 87552K, used 0K [0x00000000d6d00000, 0x00000000dee80000, 0x0000000100000000)
  eden space 87040K, 0% used [0x00000000d6d00000,0x00000000d6d00000,0x00000000dc200000)
  from space 512K, 0% used [0x00000000dee00000,0x00000000dee00000,0x00000000dee80000)
  to   space 5120K, 0% used [0x00000000de480000,0x00000000de480000,0x00000000de980000)
 ParOldGen       total 1350656K, used 1028304K [0x0000000084600000, 0x00000000d6d00000, 0x00000000d6d00000)
  object space 1350656K, 76% used [0x0000000084600000,0x00000000c3234378,0x00000000d6d00000)
 Metaspace       used 9174K, capacity 9336K, committed 9472K, reserved 1056768K
  class space    used 1112K, capacity 1179K, committed 1280K, reserved 1048576K
}
Event: 13,184 GC heap before
{Heap before GC invocations=6 (full 1):
 PSYoungGen      total 87552K, used 0K [0x00000000d6d00000, 0x00000000dee80000, 0x0000000100000000)
  eden space 87040K, 0% used [0x00000000d6d00000,0x00000000d6d00000,0x00000000dc200000)
  from space 512K, 0% used [0x00000000dee00000,0x00000000dee00000,0x00000000dee80000)
  to   space 5120K, 0% used [0x00000000de480000,0x00000000de480000,0x00000000de980000)
 ParOldGen       total 1350656K, used 1028304K [0x0000000084600000, 0x00000000d6d00000, 0x00000000d6d00000)
  object space 1350656K, 76% used [0x0000000084600000,0x00000000c3234378,0x00000000d6d00000)
 Metaspace       used 9174K, capacity 9336K, committed 9472K, reserved 1056768K
  class space    used 1112K, capacity 1179K, committed 1280K, reserved 1048576K
Event: 13,338 GC heap after
Heap after GC invocations=6 (full 1):
 PSYoungGen      total 127488K, used 0K [0x00000000d6d00000, 0x00000000df400000, 0x0000000100000000)
  eden space 122368K, 0% used [0x00000000d6d00000,0x00000000d6d00000,0x00000000de480000)
  from space 5120K, 0% used [0x00000000de480000,0x00000000de480000,0x00000000de980000)
  to   space 2560K, 0% used [0x00000000df180000,0x00000000df180000,0x00000000df400000)
 ParOldGen       total 1350656K, used 1028304K [0x0000000084600000, 0x00000000d6d00000, 0x00000000d6d00000)
  object space 1350656K, 76% used [0x0000000084600000,0x00000000c3234378,0x00000000d6d00000)
 Metaspace       used 9174K, capacity 9336K, committed 9472K, reserved 1056768K
  class space    used 1112K, capacity 1179K, committed 1280K, reserved 1048576K
}
Event: 13,338 GC heap before
{Heap before GC invocations=7 (full 2):
 PSYoungGen      total 127488K, used 0K [0x00000000d6d00000, 0x00000000df400000, 0x0000000100000000)
  eden space 122368K, 0% used [0x00000000d6d00000,0x00000000d6d00000,0x00000000de480000)
  from space 5120K, 0% used [0x00000000de480000,0x00000000de480000,0x00000000de980000)
  to   space 2560K, 0% used [0x00000000df180000,0x00000000df180000,0x00000000df400000)
 ParOldGen       total 1350656K, used 1028304K [0x0000000084600000, 0x00000000d6d00000, 0x00000000d6d00000)
  object space 1350656K, 76% used [0x0000000084600000,0x00000000c3234378,0x00000000d6d00000)
 Metaspace       used 9174K, capacity 9336K, committed 9472K, reserved 1056768K
  class space    used 1112K, capacity 1179K, committed 1280K, reserved 1048576K
Event: 38,582 GC heap after
Heap after GC invocations=7 (full 2):
 PSYoungGen      total 127488K, used 0K [0x00000000d6d00000, 0x00000000df400000, 0x0000000100000000)
  eden space 122368K, 0% used [0x00000000d6d00000,0x00000000d6d00000,0x00000000de480000)
  from space 5120K, 0% used [0x00000000de480000,0x00000000de480000,0x00000000de980000)
  to   space 2560K, 0% used [0x00000000df180000,0x00000000df180000,0x00000000df400000)
 ParOldGen       total 807424K, used 617614K [0x0000000084600000, 0x00000000b5a80000, 0x00000000d6d00000)
  object space 807424K, 76% used [0x0000000084600000,0x00000000aa123bf0,0x00000000b5a80000)
 Metaspace       used 9174K, capacity 9336K, committed 9472K, reserved 1056768K
  class space    used 1112K, capacity 1179K, committed 1280K, reserved 1048576K
}
Event: 38,583 GC heap before
{Heap before GC invocations=8 (full 2):
 PSYoungGen      total 127488K, used 0K [0x00000000d6d00000, 0x00000000df400000, 0x0000000100000000)
  eden space 122368K, 0% used [0x00000000d6d00000,0x00000000d6d00000,0x00000000de480000)
  from space 5120K, 0% used [0x00000000de480000,0x00000000de480000,0x00000000de980000)
  to   space 2560K, 0% used [0x00000000df180000,0x00000000df180000,0x00000000df400000)
 ParOldGen       total 1350656K, used 617614K [0x0000000084600000, 0x00000000d6d00000, 0x00000000d6d00000)
  object space 1350656K, 45% used [0x0000000084600000,0x00000000aa123bf0,0x00000000d6d00000)
 Metaspace       used 9174K, capacity 9336K, committed 9472K, reserved 1056768K
  class space    used 1112K, capacity 1179K, committed 1280K, reserved 1048576K
Event: 38,596 GC heap after
Heap after GC invocations=8 (full 2):
 PSYoungGen      total 135680K, used 0K [0x00000000d6d00000, 0x00000000e1900000, 0x0000000100000000)
  eden space 133120K, 0% used [0x00000000d6d00000,0x00000000d6d00000,0x00000000def00000)
  from space 2560K, 0% used [0x00000000df180000,0x00000000df180000,0x00000000df400000)
  to   space 2560K, 0% used [0x00000000def00000,0x00000000def00000,0x00000000df180000)
 ParOldGen       total 1350656K, used 617614K [0x0000000084600000, 0x00000000d6d00000, 0x00000000d6d00000)
  object space 1350656K, 45% used [0x0000000084600000,0x00000000aa123bf0,0x00000000d6d00000)
 Metaspace       used 9174K, capacity 9336K, committed 9472K, reserved 1056768K
  class space    used 1112K, capacity 1179K, committed 1280K, reserved 1048576K
}
Event: 38,596 GC heap before
{Heap before GC invocations=9 (full 3):
 PSYoungGen      total 135680K, used 0K [0x00000000d6d00000, 0x00000000e1900000, 0x0000000100000000)
  eden space 133120K, 0% used [0x00000000d6d00000,0x00000000d6d00000,0x00000000def00000)
  from space 2560K, 0% used [0x00000000df180000,0x00000000df180000,0x00000000df400000)
  to   space 2560K, 0% used [0x00000000def00000,0x00000000def00000,0x00000000df180000)
 ParOldGen       total 1350656K, used 617614K [0x0000000084600000, 0x00000000d6d00000, 0x00000000d6d00000)
  object space 1350656K, 45% used [0x0000000084600000,0x00000000aa123bf0,0x00000000d6d00000)
 Metaspace       used 9174K, capacity 9336K, committed 9472K, reserved 1056768K
  class space    used 1112K, capacity 1179K, committed 1280K, reserved 1048576K
Event: 71,651 GC heap after
Heap after GC invocations=9 (full 3):
 PSYoungGen      total 135680K, used 0K [0x00000000d6d00000, 0x00000000e1900000, 0x0000000100000000)
  eden space 133120K, 0% used [0x00000000d6d00000,0x00000000d6d00000,0x00000000def00000)
  from space 2560K, 0% used [0x00000000df180000,0x00000000df180000,0x00000000df400000)
  to   space 2560K, 0% used [0x00000000def00000,0x00000000def00000,0x00000000df180000)
 ParOldGen       total 860672K, used 617534K [0x0000000084600000, 0x00000000b8e80000, 0x00000000d6d00000)
  object space 860672K, 71% used [0x0000000084600000,0x00000000aa10fbf0,0x00000000b8e80000)
 Metaspace       used 9170K, capacity 9330K, committed 9472K, reserved 1056768K
  class space    used 1112K, capacity 1178K, committed 1280K, reserved 1048576K
}

